0 info it worked if it ends with ok
1 verbose cli [ 'C:\\Program Files\\nodejs\\node.exe',
1 verbose cli   'C:\\Program Files\\nodejs\\node_modules\\npm\\bin\\npm-cli.js',
1 verbose cli   'start' ]
2 info using npm@3.10.10
3 info using node@v6.9.5
4 verbose run-script [ 'prestart', 'start', 'poststart' ]
5 info lifecycle psadmin@1.0.0~prestart: psadmin@1.0.0
6 silly lifecycle psadmin@1.0.0~prestart: no script for prestart, continuing
7 info lifecycle psadmin@1.0.0~start: psadmin@1.0.0
8 verbose lifecycle psadmin@1.0.0~start: unsafe-perm in lifecycle true
9 verbose lifecycle psadmin@1.0.0~start: PATH: C:\Program Files\nodejs\node_modules\npm\bin\node-gyp-bin;D:\My Github\ReactJS-Mock-Applications\Pluralsight Administration - Flux + Webpack\node_modules\.bin;C:\ProgramData\Oracle\Java\javapath;C:\windows\system32;C:\windows;C:\windows\System32\Wbem;C:\windows\System32\WindowsPowerShell\v1.0\;C:\Program Files\Intel\WiFi\bin\;C:\Program Files\Common Files\Intel\WirelessCommon\;C:\Program Files\Git\cmd;C:\Program Files\nodejs\;C:\Users\mshakt\AppData\Roaming\npm;C:\Users\mshakt\AppData\Local\Box\Box Edit\
10 verbose lifecycle psadmin@1.0.0~start: CWD: D:\My Github\ReactJS-Mock-Applications\Pluralsight Administration - Flux + Webpack
11 silly lifecycle psadmin@1.0.0~start: Args: [ '/d /s /c', 'node devServer.js' ]
12 silly lifecycle psadmin@1.0.0~start: Returned: code: 1  signal: null
13 info lifecycle psadmin@1.0.0~start: Failed to exec start script
14 verbose stack Error: psadmin@1.0.0 start: `node devServer.js`
14 verbose stack Exit status 1
14 verbose stack     at EventEmitter.<anonymous> (C:\Program Files\nodejs\node_modules\npm\lib\utils\lifecycle.js:255:16)
14 verbose stack     at emitTwo (events.js:106:13)
14 verbose stack     at EventEmitter.emit (events.js:191:7)
14 verbose stack     at ChildProcess.<anonymous> (C:\Program Files\nodejs\node_modules\npm\lib\utils\spawn.js:40:14)
14 verbose stack     at emitTwo (events.js:106:13)
14 verbose stack     at ChildProcess.emit (events.js:191:7)
14 verbose stack     at maybeClose (internal/child_process.js:877:16)
14 verbose stack     at Process.ChildProcess._handle.onexit (internal/child_process.js:226:5)
15 verbose pkgid psadmin@1.0.0
16 verbose cwd D:\My Github\ReactJS-Mock-Applications\Pluralsight Administration - Flux + Webpack
17 error Windows_NT 6.1.7601
18 error argv "C:\\Program Files\\nodejs\\node.exe" "C:\\Program Files\\nodejs\\node_modules\\npm\\bin\\npm-cli.js" "start"
19 error node v6.9.5
20 error npm  v3.10.10
21 error code ELIFECYCLE
22 error psadmin@1.0.0 start: `node devServer.js`
22 error Exit status 1
23 error Failed at the psadmin@1.0.0 start script 'node devServer.js'.
23 error Make sure you have the latest version of node.js and npm installed.
23 error If you do, this is most likely a problem with the psadmin package,
23 error not with npm itself.
23 error Tell the author that this fails on your system:
23 error     node devServer.js
23 error You can get information on how to open an issue for this project with:
23 error     npm bugs psadmin
23 error Or if that isn't available, you can get their info via:
23 error     npm owner ls psadmin
23 error There is likely additional logging output above.
24 verbose exit [ 1, true ]
